2022-09-06 19:01:41,661 - root - INFO - ************* Test_002 *************
2022-09-06 19:01:41,661 - root - INFO - ************* Verifying Elements Textbox*************
2022-09-06 19:02:15,899 - root - INFO - ************* Test_002 *************
2022-09-06 19:02:15,899 - root - INFO - ************* Verifying Elements Textbox*************
2022-09-06 19:03:27,337 - root - INFO - ************* Test_002 *************
2022-09-06 19:03:27,338 - root - INFO - ************* Verifying Elements Textbox*************
2022-09-06 19:18:25,511 - root - INFO - ************* Test_002 *************
2022-09-06 19:18:25,511 - root - INFO - ************* Verifying Elements Textbox*************
2022-09-06 19:19:21,188 - root - INFO - ************* Test_002 *************
2022-09-06 19:19:21,188 - root - INFO - ************* Verifying Elements Textbox*************
2022-09-06 19:20:20,294 - root - INFO - ************* Test_002 *************
2022-09-06 19:20:20,294 - root - INFO - ************* Verifying Elements Textbox*************
2022-09-06 19:21:00,070 - root - INFO - ************* Test_002 *************
2022-09-06 19:21:00,070 - root - INFO - ************* Verifying Elements Textbox*************
2022-09-06 19:21:09,377 - root - ERROR - ************* Elements Textbox FAILED *************
2022-09-06 19:21:09,377 - root - INFO - - - - - - - - - - -
2022-09-06 19:21:56,089 - root - INFO - ************* Test_002 *************
2022-09-06 19:21:56,089 - root - INFO - ************* Verifying Elements Textbox*************
2022-09-06 19:22:03,875 - root - ERROR - ************* Elements Textbox FAILED *************
2022-09-06 19:22:03,875 - root - INFO - - - - - - - - - - -
2022-09-06 19:23:06,302 - root - INFO - ************* Test_002 *************
2022-09-06 19:23:06,302 - root - INFO - ************* Verifying Elements Textbox*************
2022-09-07 01:13:50,845 - root - INFO - ************* Test_003 *************
2022-09-07 01:13:50,845 - root - INFO - ************* Verifying Checbox *************
2022-09-07 01:15:31,852 - root - INFO - ************* Test_003 *************
2022-09-07 01:15:31,852 - root - INFO - ************* Verifying Checbox *************
2022-09-07 01:20:12,503 - root - INFO - ************* Test_003 *************
2022-09-07 01:20:12,503 - root - INFO - ************* Verifying Checbox *************
2022-09-07 01:20:29,847 - root - INFO - ************* Test_003 *************
2022-09-07 01:20:29,847 - root - INFO - ************* Verifying Checbox *************
2022-09-07 01:21:14,122 - root - INFO - ************* Test_003 *************
2022-09-07 01:21:14,122 - root - INFO - ************* Verifying Checbox *************
2022-09-07 01:22:02,105 - root - INFO - ************* Test_003 *************
2022-09-07 01:22:02,105 - root - INFO - ************* Verifying Checbox *************
2022-09-07 01:26:51,645 - root - INFO - ************* Test_003 *************
2022-09-07 01:26:51,645 - root - INFO - ************* Verifying Checbox *************
2022-09-07 01:33:41,832 - root - INFO - ************* Test_003 *************
2022-09-07 01:33:41,832 - root - INFO - ************* Verifying Checbox *************
2022-09-07 19:20:33,131 - root - INFO - ************* Test_003 *************
2022-09-07 19:20:33,131 - root - INFO - ************* Verifying Checbox *************
2022-09-07 20:16:49,834 - root - INFO - ************* Test_003 *************
2022-09-07 20:16:49,834 - root - INFO - ************* Verifying Checbox *************
2022-09-07 20:20:02,634 - root - INFO - ************* Test_003 *************
2022-09-07 20:20:02,634 - root - INFO - ************* Verifying Checbox *************
2022-09-07 20:20:26,121 - root - INFO - ************* Test_003 *************
2022-09-07 20:20:26,121 - root - INFO - ************* Verifying Checbox *************
2022-09-07 20:20:43,853 - root - INFO - ************* Test_003 *************
2022-09-07 20:20:43,853 - root - INFO - ************* Verifying Checbox *************
2022-09-07 20:20:57,132 - root - INFO - ************* Test_003 *************
2022-09-07 20:20:57,132 - root - INFO - ************* Verifying Checbox *************
2022-09-07 20:21:27,910 - root - INFO - ************* Test_003 *************
2022-09-07 20:21:27,910 - root - INFO - ************* Verifying Checbox *************
2022-09-07 20:21:54,857 - root - INFO - ************* Test_003 *************
2022-09-07 20:21:54,857 - root - INFO - ************* Verifying Checbox *************
2022-09-07 20:23:32,963 - root - INFO - ************* Test_003 *************
2022-09-07 20:23:32,963 - root - INFO - ************* Verifying Checbox *************
2022-09-07 20:24:42,851 - root - INFO - ************* Test_003 *************
2022-09-07 20:24:42,851 - root - INFO - ************* Verifying Checbox *************
2022-09-07 20:26:37,013 - root - INFO - ************* Test_003 *************
2022-09-07 20:26:37,013 - root - INFO - ************* Verifying Checbox *************
2022-09-07 20:29:11,169 - root - INFO - ************* Test_003 *************
2022-09-07 20:29:11,169 - root - INFO - ************* Verifying Checbox *************
2022-09-07 20:31:04,168 - root - INFO - ************* Test_003 *************
2022-09-07 20:31:04,168 - root - INFO - ************* Verifying Checbox *************
2022-09-07 20:31:26,755 - root - INFO - ************* Test_003 *************
2022-09-07 20:31:26,755 - root - INFO - ************* Verifying Checbox *************
2022-09-07 21:26:56,406 - root - INFO - ************* Test_003 *************
2022-09-07 21:26:56,406 - root - INFO - ************* Verifying Checbox *************
2022-09-07 21:28:06,790 - root - INFO - ************* Test_003 *************
2022-09-07 21:28:06,790 - root - INFO - ************* Verifying Checbox *************
2022-09-07 21:29:12,210 - root - INFO - ************* Test_003 *************
2022-09-07 21:29:12,210 - root - INFO - ************* Verifying Checbox *************
2022-09-07 21:36:13,148 - root - INFO - ************* Test_003 *************
2022-09-07 21:36:13,148 - root - INFO - ************* Verifying Checbox *************
2022-09-09 12:57:10,669 - root - INFO - ************* Test_003 *************
2022-09-09 12:57:10,669 - root - INFO - ************* Verifying Checbox *************
2022-09-09 12:58:35,604 - root - INFO - ************* Test_003 *************
2022-09-09 12:58:35,604 - root - INFO - ************* Verifying Checbox *************
2022-09-09 12:58:40,133 - root - INFO - ************* Checkbox test is PASSED *************
2022-09-09 12:58:40,133 - root - INFO - - - - - - - - - - -
2022-09-09 12:58:48,883 - root - INFO - ************* Test_003 *************
2022-09-09 12:58:48,883 - root - INFO - ************* Verifying Checbox *************
2022-09-09 12:58:51,617 - root - INFO - ************* Checkbox test is PASSED *************
2022-09-09 12:58:51,617 - root - INFO - - - - - - - - - - -
2022-09-09 13:06:58,064 - root - INFO - ************* Test_004 *************
2022-09-09 13:06:58,064 - root - INFO - ************* Verifying Radio Button *************
2022-09-09 13:07:50,422 - root - INFO - ************* Test_004 *************
2022-09-09 13:07:50,422 - root - INFO - ************* Verifying Radio Button *************
2022-09-09 13:08:28,134 - root - INFO - ************* Test_004 *************
2022-09-09 13:08:28,134 - root - INFO - ************* Verifying Radio Button *************
2022-09-09 13:13:52,642 - root - INFO - ************* Test_004 *************
2022-09-09 13:13:52,642 - root - INFO - ************* Verifying Radio Button *************
2022-09-09 13:15:35,061 - root - INFO - ************* Test_004 *************
2022-09-09 13:15:35,078 - root - INFO - ************* Verifying Radio Button *************
2022-09-09 13:16:10,260 - root - INFO - ************* Test_004 *************
2022-09-09 13:16:10,260 - root - INFO - ************* Verifying Radio Button *************
2022-09-09 13:19:07,701 - root - INFO - ************* Test_004 *************
2022-09-09 13:19:07,701 - root - INFO - ************* Verifying Radio Button *************
2022-09-09 13:21:35,171 - root - INFO - ************* Test_004 *************
2022-09-09 13:21:35,172 - root - INFO - ************* Verifying Radio Button *************
2022-09-09 13:23:27,626 - root - INFO - ************* Test_004 *************
2022-09-09 13:23:27,646 - root - INFO - ************* Verifying Radio Button *************
2022-09-09 13:24:19,829 - root - INFO - ************* Test_004 *************
2022-09-09 13:24:19,829 - root - INFO - ************* Verifying Radio Button *************
2022-09-09 13:26:00,634 - root - INFO - ************* Test_004 *************
2022-09-09 13:26:00,634 - root - INFO - ************* Verifying Radio Button *************
2022-09-09 13:29:46,212 - root - INFO - ************* Test_004 *************
2022-09-09 13:29:46,212 - root - INFO - ************* Verifying Radio Button *************
2022-09-09 13:30:27,261 - root - INFO - ************* Test_004 *************
2022-09-09 13:30:27,261 - root - INFO - ************* Verifying Radio Button *************
2022-09-09 13:33:38,633 - root - INFO - ************* Test_004 *************
2022-09-09 13:33:38,633 - root - INFO - ************* Verifying Radio Button *************
2022-09-09 13:34:27,189 - root - INFO - ************* Test_004 *************
2022-09-09 13:34:27,211 - root - INFO - ************* Verifying Radio Button *************
2022-09-09 13:34:44,719 - root - INFO - ************* Test_004 *************
2022-09-09 13:34:44,719 - root - INFO - ************* Verifying Radio Button *************
2022-09-09 13:35:01,862 - root - INFO - ************* Test_004 *************
2022-09-09 13:35:01,862 - root - INFO - ************* Verifying Radio Button *************
2022-09-09 13:35:20,183 - root - INFO - ************* Test_004 *************
2022-09-09 13:35:20,183 - root - INFO - ************* Verifying Radio Button *************
2022-09-09 13:38:58,331 - root - INFO - ************* Test_004 *************
2022-09-09 13:38:58,331 - root - INFO - ************* Verifying Radio Button *************
2022-09-09 13:40:30,620 - root - INFO - ************* Test_004 *************
2022-09-09 13:40:30,651 - root - INFO - ************* Verifying Radio Button *************
2022-09-09 13:43:12,222 - root - INFO - ************* Test_004 *************
2022-09-09 13:43:12,222 - root - INFO - ************* Verifying Radio Button *************
2022-09-09 13:43:46,617 - root - INFO - ************* Test_004 *************
2022-09-09 13:43:46,617 - root - INFO - ************* Verifying Radio Button *************
2022-09-09 13:44:15,394 - root - INFO - ************* Test_004 *************
2022-09-09 13:44:15,394 - root - INFO - ************* Verifying Radio Button *************
2022-09-09 13:44:19,489 - root - INFO - ************* Test_004 *************
2022-09-09 13:44:19,489 - root - INFO - ************* Verifying Radio Button *************
2022-09-09 13:45:07,720 - root - INFO - ************* Test_004 *************
2022-09-09 13:45:07,720 - root - INFO - ************* Verifying Radio Button *************
2022-09-09 13:46:35,370 - root - INFO - ************* Test_004 *************
2022-09-09 13:46:35,370 - root - INFO - ************* Verifying Radio Button *************
2022-09-09 13:54:44,784 - root - INFO - ************* Test_004 *************
2022-09-09 13:54:44,784 - root - INFO - ************* Verifying Radio Button *************
2022-09-09 13:55:00,980 - root - INFO - ************* Test_004 *************
2022-09-09 13:55:00,980 - root - INFO - ************* Verifying Radio Button *************
2022-09-09 14:21:31,822 - root - INFO - ************* Test_005 *************
2022-09-09 14:21:31,822 - root - INFO - ************* Verifying tables *************
2022-09-09 14:22:15,027 - root - INFO - ************* Test_005 *************
2022-09-09 14:22:15,027 - root - INFO - ************* Verifying tables *************
2022-09-09 14:23:13,419 - root - INFO - ************* Test_005 *************
2022-09-09 14:23:13,419 - root - INFO - ************* Verifying tables *************
2022-09-09 17:49:40,681 - root - INFO - ************* Test_005 *************
2022-09-09 17:49:40,681 - root - INFO - ************* Verifying tables *************
2022-09-09 17:50:11,103 - root - INFO - ************* Test_005 *************
2022-09-09 17:50:11,103 - root - INFO - ************* Verifying tables *************
2022-09-09 17:51:44,431 - root - INFO - ************* Test_005 *************
2022-09-09 17:51:44,431 - root - INFO - ************* Verifying tables *************
2022-09-09 17:53:23,390 - root - INFO - ************* Test_005 *************
2022-09-09 17:53:23,390 - root - INFO - ************* Verifying tables *************
2022-09-09 18:01:52,723 - root - INFO - ************* Test_005 *************
2022-09-09 18:01:52,723 - root - INFO - ************* Verifying tables *************
2022-09-09 18:03:53,354 - root - INFO - ************* Test_005 *************
2022-09-09 18:03:53,421 - root - INFO - ************* Verifying tables *************
2022-09-09 18:09:03,310 - root - INFO - ************* Test_005 *************
2022-09-09 18:09:03,311 - root - INFO - ************* Verifying tables *************
2022-09-09 18:09:32,087 - root - INFO - ************* Test_005 *************
2022-09-09 18:09:32,087 - root - INFO - ************* Verifying tables *************
2022-09-09 18:10:32,170 - root - INFO - ************* Test_005 *************
2022-09-09 18:10:32,170 - root - INFO - ************* Verifying tables *************
2022-09-09 18:10:44,798 - root - INFO - ************* Test_005 *************
2022-09-09 18:10:44,798 - root - INFO - ************* Verifying tables *************
2022-09-09 18:13:28,557 - root - INFO - ************* Test_005 *************
2022-09-09 18:13:28,557 - root - INFO - ************* Verifying tables *************
2022-09-09 18:15:23,107 - root - INFO - ************* Test_005 *************
2022-09-09 18:15:23,107 - root - INFO - ************* Verifying tables *************
2022-09-09 18:18:46,921 - root - INFO - ************* Test_005 *************
2022-09-09 18:18:46,921 - root - INFO - ************* Verifying tables *************
2022-09-09 18:19:33,864 - root - INFO - ************* Test_005 *************
2022-09-09 18:19:33,894 - root - INFO - ************* Verifying tables *************
2022-09-09 18:20:38,647 - root - INFO - ************* Test_005 *************
2022-09-09 18:20:38,647 - root - INFO - ************* Verifying tables *************
2022-09-09 18:21:23,822 - root - INFO - ************* Test_005 *************
2022-09-09 18:21:23,852 - root - INFO - ************* Verifying tables *************
2022-09-09 18:34:22,497 - root - INFO - ************* Test_005 *************
2022-09-09 18:34:22,521 - root - INFO - ************* Verifying tables *************
2022-09-09 18:34:33,248 - root - INFO - ************* Test_005 *************
2022-09-09 18:34:33,248 - root - INFO - ************* Verifying tables *************
2022-09-09 18:35:29,421 - root - INFO - ************* Test_005 *************
2022-09-09 18:35:29,421 - root - INFO - ************* Verifying tables *************
2022-09-09 18:36:19,886 - root - INFO - ************* Test_005 *************
2022-09-09 18:36:19,886 - root - INFO - ************* Verifying tables *************
2022-09-09 18:37:43,503 - root - INFO - ************* Test_005 *************
2022-09-09 18:37:43,549 - root - INFO - ************* Verifying tables *************
2022-09-09 18:39:33,709 - root - INFO - ************* Test_005 *************
2022-09-09 18:39:33,710 - root - INFO - ************* Verifying tables *************
2022-09-10 14:40:37,543 - root - INFO - ************* Test_005 *************
2022-09-10 14:40:37,544 - root - INFO - ************* Verifying tables *************
2022-09-10 14:40:57,198 - root - INFO - ************* Test_005 *************
2022-09-10 14:40:57,198 - root - INFO - ************* Verifying tables *************
2022-09-10 14:42:36,422 - root - INFO - ************* Test_005 *************
2022-09-10 14:42:36,422 - root - INFO - ************* Verifying tables *************
2022-09-10 14:43:07,929 - root - INFO - ************* Test_005 *************
2022-09-10 14:43:07,929 - root - INFO - ************* Verifying tables *************
2022-09-10 14:43:35,200 - root - INFO - ************* Tables test is PASSED *************
2022-09-10 14:43:35,200 - root - INFO - - - - - - - - - - -
2022-09-10 19:03:38,171 - root - INFO - ************* Test_005 *************
2022-09-10 19:03:38,171 - root - INFO - ************* Verifying tables *************
2022-09-10 19:03:53,838 - root - INFO - ************* Tables test is PASSED *************
2022-09-10 19:03:53,838 - root - INFO - - - - - - - - - - -
2022-09-10 19:09:48,660 - root - INFO - ************* Test_006 *************
2022-09-10 19:09:48,660 - root - INFO - ************* Verifying buttons *************
2022-09-10 19:11:02,286 - root - INFO - ************* Test_006 *************
2022-09-10 19:11:02,286 - root - INFO - ************* Verifying buttons *************
2022-09-10 19:20:37,472 - root - INFO - ************* Test_006 *************
2022-09-10 19:20:37,536 - root - INFO - ************* Verifying buttons *************
2022-09-10 19:21:53,193 - root - INFO - ************* Test_006 *************
2022-09-10 19:21:53,193 - root - INFO - ************* Verifying buttons *************
2022-09-10 19:25:55,588 - root - INFO - ************* Test_006 *************
2022-09-10 19:25:55,588 - root - INFO - ************* Verifying buttons *************
2022-09-10 19:27:40,830 - root - INFO - ************* Test_006 *************
2022-09-10 19:27:40,830 - root - INFO - ************* Verifying buttons *************
2022-09-10 19:28:12,617 - root - INFO - ************* Test_005 *************
2022-09-10 19:28:12,617 - root - INFO - ************* Verifying tables *************
2022-09-10 19:28:18,557 - root - INFO - ************* Tables test is PASSED *************
2022-09-10 19:28:18,557 - root - INFO - - - - - - - - - - -
2022-09-10 20:07:44,151 - root - INFO - ************* Test_006 *************
2022-09-10 20:07:44,151 - root - INFO - ************* Verifying buttons *************
2022-09-10 20:08:03,217 - root - INFO - ************* Test_006 *************
2022-09-10 20:08:03,217 - root - INFO - ************* Verifying buttons *************
2022-09-10 20:11:41,287 - root - INFO - ************* Test_006 *************
2022-09-10 20:11:41,287 - root - INFO - ************* Verifying buttons *************
2022-09-10 20:11:56,087 - root - INFO - ************* Test_006 *************
2022-09-10 20:11:56,087 - root - INFO - ************* Verifying buttons *************
2022-09-10 20:12:10,176 - root - INFO - ************* Test_006 *************
2022-09-10 20:12:10,176 - root - INFO - ************* Verifying buttons *************
2022-09-10 20:13:44,481 - root - INFO - ************* Test_006 *************
2022-09-10 20:13:44,481 - root - INFO - ************* Verifying buttons *************
2022-09-10 20:13:58,552 - root - INFO - ************* Test_006 *************
2022-09-10 20:13:58,552 - root - INFO - ************* Verifying buttons *************
2022-09-10 20:14:26,863 - root - INFO - ************* Test_006 *************
2022-09-10 20:14:26,863 - root - INFO - ************* Verifying buttons *************
2022-09-10 20:15:47,408 - root - INFO - ************* Test_006 *************
2022-09-10 20:15:47,408 - root - INFO - ************* Verifying buttons *************
2022-09-10 20:16:06,179 - root - INFO - ************* Test_006 *************
2022-09-10 20:16:06,179 - root - INFO - ************* Verifying buttons *************
2022-09-10 20:17:29,532 - root - INFO - ************* Test_006 *************
2022-09-10 20:17:29,532 - root - INFO - ************* Verifying buttons *************
2022-09-10 20:17:57,317 - root - INFO - ************* Test_006 *************
2022-09-10 20:17:57,317 - root - INFO - ************* Verifying buttons *************
2022-09-10 20:18:20,308 - root - INFO - ************* Test_006 *************
2022-09-10 20:18:20,308 - root - INFO - ************* Verifying buttons *************
2022-09-10 20:18:34,704 - root - INFO - ************* Test_006 *************
2022-09-10 20:18:34,704 - root - INFO - ************* Verifying buttons *************
2022-09-10 20:18:52,342 - root - INFO - ************* Test_006 *************
2022-09-10 20:18:52,342 - root - INFO - ************* Verifying buttons *************
2022-09-10 20:19:06,475 - root - INFO - ************* Test_006 *************
2022-09-10 20:19:06,475 - root - INFO - ************* Verifying buttons *************
2022-09-10 20:20:38,376 - root - INFO - ************* Test_006 *************
2022-09-10 20:20:38,376 - root - INFO - ************* Verifying buttons *************
2022-09-10 20:22:45,988 - root - INFO - ************* Test_006 *************
2022-09-10 20:22:45,988 - root - INFO - ************* Verifying buttons *************
2022-09-10 20:23:22,941 - root - INFO - ************* Test_006 *************
2022-09-10 20:23:22,941 - root - INFO - ************* Verifying buttons *************
2022-09-10 20:25:09,099 - root - INFO - ************* Test_006 *************
2022-09-10 20:25:09,099 - root - INFO - ************* Verifying buttons *************
2022-09-10 20:25:27,156 - root - INFO - ************* Test_006 *************
2022-09-10 20:25:27,156 - root - INFO - ************* Verifying buttons *************
2022-09-11 01:50:16,067 - root - INFO - ************* Test_006 *************
2022-09-11 01:50:16,067 - root - INFO - ************* Verifying buttons *************
2022-09-11 01:50:38,670 - root - INFO - ************* Test_006 *************
2022-09-11 01:50:38,670 - root - INFO - ************* Verifying buttons *************
2022-09-11 01:53:39,540 - root - INFO - ************* Test_006 *************
2022-09-11 01:53:39,540 - root - INFO - ************* Verifying buttons *************
2022-09-11 01:58:26,629 - root - INFO - ************* Test_006 *************
2022-09-11 01:58:26,629 - root - INFO - ************* Verifying buttons *************
2022-09-11 02:02:37,122 - root - INFO - ************* Test_006 *************
2022-09-11 02:02:37,122 - root - INFO - ************* Verifying buttons *************
2022-09-11 02:06:33,576 - root - INFO - ************* Test_006 *************
2022-09-11 02:06:33,576 - root - INFO - ************* Verifying buttons *************
2022-09-11 02:07:53,904 - root - INFO - ************* Test_006 *************
2022-09-11 02:07:53,904 - root - INFO - ************* Verifying buttons *************
2022-09-11 02:10:10,840 - root - INFO - ************* Test_006 *************
2022-09-11 02:10:10,840 - root - INFO - ************* Verifying buttons *************
2022-09-11 02:10:23,730 - root - INFO - ************* Buttons test is PASSED *************
2022-09-11 02:10:23,730 - root - INFO - - - - - - - - - - -
2022-09-11 13:15:23,750 - root - INFO - ************* Test_007 *************
2022-09-11 13:15:23,750 - root - INFO - ************* Verifying links *************
2022-09-11 13:22:59,082 - root - INFO - ************* Test_007 *************
2022-09-11 13:22:59,082 - root - INFO - ************* Verifying links *************
2022-09-11 13:25:24,830 - root - INFO - ************* Test_007 *************
2022-09-11 13:25:24,830 - root - INFO - ************* Verifying links *************
2022-09-11 13:37:54,078 - root - INFO - ************* Test_007 *************
2022-09-11 13:37:54,078 - root - INFO - ************* Verifying links *************
2022-09-11 13:38:14,757 - root - INFO - ************* Test_007 *************
2022-09-11 13:38:14,757 - root - INFO - ************* Verifying links *************
2022-09-11 14:36:23,228 - root - INFO - ************* Test_007 *************
2022-09-11 14:36:23,228 - root - INFO - ************* Verifying links *************
2022-09-11 14:40:55,720 - root - INFO - ************* Test_007 *************
2022-09-11 14:40:55,721 - root - INFO - ************* Verifying links *************
2022-09-11 14:41:31,122 - root - INFO - ************* Test_007 *************
2022-09-11 14:41:31,122 - root - INFO - ************* Verifying links *************
2022-09-11 14:41:46,666 - root - INFO - ************* Test_007 *************
2022-09-11 14:41:46,666 - root - INFO - ************* Verifying links *************
2022-09-11 14:42:14,249 - root - INFO - ************* Test_007 *************
2022-09-11 14:42:14,249 - root - INFO - ************* Verifying links *************
2022-09-11 14:43:43,963 - root - INFO - ************* Test_007 *************
2022-09-11 14:43:43,963 - root - INFO - ************* Verifying links *************
2022-09-11 14:44:49,026 - root - INFO - ************* Test_007 *************
2022-09-11 14:44:49,026 - root - INFO - ************* Verifying links *************
2022-09-11 14:45:47,635 - root - INFO - ************* Test_007 *************
2022-09-11 14:45:47,635 - root - INFO - ************* Verifying links *************
2022-09-11 14:47:10,910 - root - INFO - ************* Test_007 *************
2022-09-11 14:47:10,911 - root - INFO - ************* Verifying links *************
2022-09-11 15:33:58,796 - root - INFO - ************* Test_007 *************
2022-09-11 15:33:58,796 - root - INFO - ************* Verifying links *************
2022-09-11 15:34:16,528 - root - INFO - ************* Test_007 *************
2022-09-11 15:34:16,528 - root - INFO - ************* Verifying links *************
2022-09-11 15:36:54,997 - root - INFO - ************* Test_007 *************
2022-09-11 15:36:54,997 - root - INFO - ************* Verifying links *************
2022-09-12 01:48:31,391 - root - INFO - ************* Test_007 *************
2022-09-12 01:48:31,391 - root - INFO - ************* Verifying links *************
